<?xml version="1.0" encoding="UTF-8"?>
<!-- Generated by org.testng.reporters.JUnitReportReporter -->
<testsuite hostname="LAPTOP-BS77VNOF" failures="0" tests="3" name="DemoIntegrationProject.demo.TestClass1" time="18.119" errors="0" timestamp="2023-12-31T10:41:06 IST" skipped="0">
  <testcase classname="DemoIntegrationProject.demo.TestClass1" name="Test1" time="5.841"/>
  <testcase classname="DemoIntegrationProject.demo.TestClass1" name="Test2" time="6.092"/>
  <testcase classname="DemoIntegrationProject.demo.TestClass1" name="Test3" time="6.186"/>
</testsuite> <!-- DemoIntegrationProject.demo.TestClass1 -->
