<?xml version="1.0" encoding="UTF-8"?>
<!-- Generated by org.testng.reporters.JUnitReportReporter -->
<testsuite hostname="LAPTOP-BS77VNOF" failures="0" tests="3" name="DemoIntegrationProject.demo.TestClass1" time="18.356" errors="0" timestamp="2023-12-31T10:33:00 IST" skipped="0">
  <testcase classname="DemoIntegrationProject.demo.TestClass1" name="Test1" time="5.729"/>
  <testcase classname="DemoIntegrationProject.demo.TestClass1" name="Test2" time="6.310"/>
  <testcase classname="DemoIntegrationProject.demo.TestClass1" name="Test3" time="6.317"/>
</testsuite> <!-- DemoIntegrationProject.demo.TestClass1 -->
