<?xml version="1.0" encoding="UTF-8"?>
<!-- Generated by org.testng.reporters.JUnitReportReporter -->
<testsuite hostname="LAPTOP-BS77VNOF" failures="0" tests="1" name="DemoIntegrationProject.demo.TestClass2" time="0.000" errors="0" timestamp="2023-12-31T10:22:22 IST" skipped="0">
  <testcase classname="DemoIntegrationProject.demo.TestClass2" name="m1" time="0.000"/>
</testsuite> <!-- DemoIntegrationProject.demo.TestClass2 -->
